[debug] [2022-07-21T15:09:13.366Z] ----------------------------------------------------------------------
[debug] [2022-07-21T15:09:13.366Z] Command:       /opt/homebrew/Cellar/node/18.4.0/bin/node /opt/homebrew/bin/firebase init
[debug] [2022-07-21T15:09:13.367Z] CLI Version:   11.2.1
[debug] [2022-07-21T15:09:13.367Z] Platform:      darwin
[debug] [2022-07-21T15:09:13.367Z] Node Version:  v18.4.0
[debug] [2022-07-21T15:09:13.368Z] Time:          Thu Jul 21 2022 20:39:13 GMT+0530 (India Standard Time)
[debug] [2022-07-21T15:09:13.368Z] ----------------------------------------------------------------------
[debug] 
[debug] [2022-07-21T15:09:13.399Z] > command requires scopes: ["email","openid","https://www.googleapis.com/auth/cloudplatformprojects.readonly","https://www.googleapis.com/auth/firebase","https://www.googleapis.com/auth/cloud-platform"]
[debug] [2022-07-21T15:09:13.399Z] > authorizing via signed-in user (tadiyalpiyush@gmail.com)
[info] 
     ######## #### ########  ######## ########     ###     ######  ########
     ##        ##  ##     ## ##       ##     ##  ##   ##  ##       ##
     ######    ##  ########  ######   ########  #########  ######  ######
     ##        ##  ##    ##  ##       ##     ## ##     ##       ## ##
     ##       #### ##     ## ######## ########  ##     ##  ######  ########

You're about to initialize a Firebase project in this directory:

  /Users/piyush/netflix-clon

Before we get started, keep in mind:

  * You are initializing within an existing Firebase project directory

